\BOOKMARK [1][-]{section.1}{Datenformate}{}% 1
\BOOKMARK [2][-]{subsection.1.1}{Standard-XML: RoXML}{section.1}% 2
\BOOKMARK [3][-]{subsubsection.1.1.1}{Die Metadaten}{subsection.1.1}% 3
\BOOKMARK [2][-]{subsection.1.2}{WebAnno-TSV}{section.1}% 4
\BOOKMARK [3][-]{subsubsection.1.2.1}{Metadata}{subsection.1.2}% 5
\BOOKMARK [1][-]{section.2}{Arbeitsablauf}{}% 6
\BOOKMARK [2][-]{subsection.2.1}{Allgemein}{section.2}% 7
\BOOKMARK [2][-]{subsection.2.2}{Am Beispiel CNDH}{section.2}% 8
\BOOKMARK [1][-]{section.3}{Benutzung der Applikationen}{}% 9
\BOOKMARK [2][-]{subsection.3.1}{Allgemeine technische Voraussetzungen}{section.3}% 10
\BOOKMARK [2][-]{subsection.3.2}{\334bersicht}{section.3}% 11
\BOOKMARK [2][-]{subsection.3.3}{HTML zu XML}{section.3}% 12
\BOOKMARK [3][-]{subsubsection.3.3.1}{Zweck}{subsection.3.3}% 13
\BOOKMARK [3][-]{subsubsection.3.3.2}{Bedienung}{subsection.3.3}% 14
\BOOKMARK [2][-]{subsection.3.4}{XML Taggen}{section.3}% 15
\BOOKMARK [3][-]{subsubsection.3.4.1}{Zweck}{subsection.3.4}% 16
\BOOKMARK [3][-]{subsubsection.3.4.2}{Bedienung}{subsection.3.4}% 17
\BOOKMARK [3][-]{subsubsection.3.4.3}{Tagsets}{subsection.3.4}% 18
\BOOKMARK [2][-]{subsection.3.5}{XML zu Webanno}{section.3}% 19
\BOOKMARK [3][-]{subsubsection.3.5.1}{Zweck}{subsection.3.5}% 20
\BOOKMARK [3][-]{subsubsection.3.5.2}{Bedienung}{subsection.3.5}% 21
\BOOKMARK [2][-]{subsection.3.6}{Webanno zu Standard}{section.3}% 22
\BOOKMARK [3][-]{subsubsection.3.6.1}{Zweck}{subsection.3.6}% 23
\BOOKMARK [3][-]{subsubsection.3.6.2}{Bedienung}{subsection.3.6}% 24
\BOOKMARK [2][-]{subsection.3.7}{XML durchsuchen}{section.3}% 25
\BOOKMARK [3][-]{subsubsection.3.7.1}{Zweck}{subsection.3.7}% 26
\BOOKMARK [3][-]{subsubsection.3.7.2}{Bedienung}{subsection.3.7}% 27
\BOOKMARK [1][-]{section.4}{In Planung}{}% 28
\BOOKMARK [2][-]{subsection.4.1}{PRESEAAToStandard}{section.4}% 29
